<?xml version="1.0" encoding="UTF-8"?>
<testng-results ignored="0" total="2" passed="2" failed="0" skipped="0">
  <reporter-output>
  </reporter-output>
  <suite started-at="2024-05-01T23:10:26 IST" name="Suite" finished-at="2024-05-01T23:11:11 IST" duration-ms="45623">
    <groups>
    </groups>
    <test started-at="2024-05-01T23:10:26 IST" name="Test" finished-at="2024-05-01T23:11:11 IST" duration-ms="45623">
      <class name="testcases.VerifyLoginTestcases">
        <test-method signature="VerifyLogInWithValidData()[pri:0, instance:testcases.VerifyLoginTestcases@72057ecf]" started-at="2024-05-01T23:10:55 IST" name="VerifyLogInWithValidData" finished-at="2024-05-01T23:11:11 IST" duration-ms="16283" status="PASS">
          <reporter-output>
          </reporter-output>
        </test-method> <!-- VerifyLogInWithValidData -->
      </class> <!-- testcases.VerifyLoginTestcases -->
      <class name="testcases.VerifyRegistrationTestCases">
        <test-method signature="VerifyRegistrationWithValidData()[pri:0, instance:testcases.VerifyRegistrationTestCases@20deea7f]" started-at="2024-05-01T23:10:26 IST" name="VerifyRegistrationWithValidData" finished-at="2024-05-01T23:10:55 IST" duration-ms="28998" status="PASS">
          <reporter-output>
          </reporter-output>
        </test-method> <!-- VerifyRegistrationWithValidData -->
      </class> <!-- testcases.VerifyRegistrationTestCases -->
    </test> <!-- Test -->
  </suite> <!-- Suite -->
</testng-results>
